拼接拼接Result!!!!  /requirements/requirements-common.txt
拼接拼接Result!!!!  /requirements/requirements-dev.txt
拼接拼接Result!!!!  /requirements/requirements-test.txt
拼接拼接Result!!!!  /
拼接拼接Result!!!!  requirements/
拼接拼接Result!!!!  requirements/
拼接拼接Result!!!!  requirements/
拼接拼接Result!!!!  requirements/
拼接拼接Result!!!!  /
拼接拼接Result!!!!  requirements/
拼接拼接Result!!!!  requirements/
拼接拼接Result!!!!  requirements/
拼接拼接Result!!!!  requirements/
拼接拼接Result!!!!  /
拼接拼接Result!!!!  requirements/
拼接拼接Result!!!!  requirements/
拼接拼接Result!!!!  /requirements.txt
拼接拼接Result!!!!  /requirements.txt
拼接拼接Result!!!!  /requirements.txt
拼接拼接Result!!!!  /requirements.txt
拼接拼接Result!!!!  /requirements.txt
拼接拼接Result!!!!  /requirements.txt
拼接拼接Result!!!!  /requirements.txt
